[2017-11-21 20:38:30,478/CST][main][INFO]Write merged log4j config file to C:\Users\ii\Documents\GitHub\MicroHigo\higoService\target\classes\config\merged.log4j.properties io.servicecomb.foundation.common.utils.Log4jUtils.outputFile(Log4jUtils.java:103)
[2017-11-21 20:38:30,587/CST][main][INFO]Refreshing org.springframework.context.support.ClassPathXmlApplicationContext@20d3d15a: startup date [Tue Nov 21 20:38:30 CST 2017]; root of context hierarchy org.springframework.context.support.AbstractApplicationContext.prepareRefresh(AbstractApplicationContext.java:582)
[2017-11-21 20:38:30,764/CST][main][INFO]Loading XML bean definitions from file [C:\Users\ii\Documents\GitHub\MicroHigo\higoService\target\classes\META-INF\spring\cse.higoService.bean.xml] org.springframework.beans.factory.xml.XmlBeanDefinitionReader.loadBeanDefinitions(XmlBeanDefinitionReader.java:317)
[2017-11-21 20:38:31,260/CST][main][INFO]Loading XML bean definitions from URL [jar:file:/C:/Users/ii/.m2/repository/com/huawei/paas/cse/foundation-auth/2.2.7/foundation-auth-2.2.7.jar!/META-INF/spring/auth.bean.xml] org.springframework.beans.factory.xml.XmlBeanDefinitionReader.loadBeanDefinitions(XmlBeanDefinitionReader.java:317)
[2017-11-21 20:38:31,324/CST][main][INFO]Loading XML bean definitions from URL [jar:file:/C:/Users/ii/.m2/repository/io/servicecomb/foundation-common/0.4.0/foundation-common-0.4.0.jar!/META-INF/spring/common.bean.xml] org.springframework.beans.factory.xml.XmlBeanDefinitionReader.loadBeanDefinitions(XmlBeanDefinitionReader.java:317)
[2017-11-21 20:38:31,388/CST][main][INFO]Loading XML bean definitions from URL [jar:file:/C:/Users/ii/.m2/repository/io/servicecomb/foundation-config/0.4.0/foundation-config-0.4.0.jar!/META-INF/spring/cse.bean.xml] org.springframework.beans.factory.xml.XmlBeanDefinitionReader.loadBeanDefinitions(XmlBeanDefinitionReader.java:317)
[2017-11-21 20:38:31,511/CST][main][INFO]Loading XML bean definitions from URL [jar:file:/C:/Users/ii/.m2/repository/io/servicecomb/foundation-vertx/0.4.0/foundation-vertx-0.4.0.jar!/META-INF/spring/cse.bean.xml] org.springframework.beans.factory.xml.XmlBeanDefinitionReader.loadBeanDefinitions(XmlBeanDefinitionReader.java:317)
[2017-11-21 20:38:31,622/CST][main][INFO]Loading XML bean definitions from URL [jar:file:/C:/Users/ii/.m2/repository/io/servicecomb/java-chassis-core/0.4.0/java-chassis-core-0.4.0.jar!/META-INF/spring/cse.bean.xml] org.springframework.beans.factory.xml.XmlBeanDefinitionReader.loadBeanDefinitions(XmlBeanDefinitionReader.java:317)
[2017-11-21 20:38:32,842/CST][main][INFO]Loading XML bean definitions from URL [jar:file:/C:/Users/ii/.m2/repository/io/servicecomb/transport-rest-client/0.4.0/transport-rest-client-0.4.0.jar!/META-INF/spring/cse.transport.rest.bean.xml] org.springframework.beans.factory.xml.XmlBeanDefinitionReader.loadBeanDefinitions(XmlBeanDefinitionReader.java:317)
[2017-11-21 20:38:32,882/CST][main][INFO]Loading XML bean definitions from URL [jar:file:/C:/Users/ii/.m2/repository/io/servicecomb/handler-bizkeeper/0.4.0/handler-bizkeeper-0.4.0.jar!/META-INF/spring/cse.bean.xml] org.springframework.beans.factory.xml.XmlBeanDefinitionReader.loadBeanDefinitions(XmlBeanDefinitionReader.java:317)
[2017-11-21 20:38:32,922/CST][main][INFO]Loading XML bean definitions from URL [jar:file:/C:/Users/ii/.m2/repository/io/servicecomb/handler-loadbalance/0.4.0/handler-loadbalance-0.4.0.jar!/META-INF/spring/cse.bean.xml] org.springframework.beans.factory.xml.XmlBeanDefinitionReader.loadBeanDefinitions(XmlBeanDefinitionReader.java:317)
[2017-11-21 20:38:32,977/CST][main][INFO]Loading XML bean definitions from URL [jar:file:/C:/Users/ii/.m2/repository/com/huawei/paas/cse/cse-handler-cloud-extension/2.2.7/cse-handler-cloud-extension-2.2.7.jar!/META-INF/spring/services.bean.xml] org.springframework.beans.factory.xml.XmlBeanDefinitionReader.loadBeanDefinitions(XmlBeanDefinitionReader.java:317)
[2017-11-21 20:38:33,050/CST][main][INFO]Loading XML bean definitions from URL [jar:file:/C:/Users/ii/.m2/repository/io/servicecomb/foundation-metrics/0.4.0/foundation-metrics-0.4.0.jar!/META-INF/spring/metrics.bean.xml] org.springframework.beans.factory.xml.XmlBeanDefinitionReader.loadBeanDefinitions(XmlBeanDefinitionReader.java:317)
[2017-11-21 20:38:33,121/CST][main][INFO]Loading XML bean definitions from URL [jar:file:/C:/Users/ii/.m2/repository/com/huawei/paas/cse/cse-handler-tcc/2.2.7/cse-handler-tcc-2.2.7.jar!/META-INF/spring/cse.tcc.bean.xml] org.springframework.beans.factory.xml.XmlBeanDefinitionReader.loadBeanDefinitions(XmlBeanDefinitionReader.java:317)
[2017-11-21 20:38:34,677/CST][main][WARN]No URLs will be polled as dynamic configuration sources. com.netflix.config.sources.URLConfigurationSource.<init>(URLConfigurationSource.java:121)
[2017-11-21 20:38:34,692/CST][main][INFO]To enable URLs as dynamic configuration sources, define System property archaius.configurationSource.additionalUrls or make config.properties available on classpath. com.netflix.config.sources.URLConfigurationSource.<init>(URLConfigurationSource.java:122)
[2017-11-21 20:38:34,724/CST][main][INFO]create dynamic config: io.servicecomb.config.ConfigUtil.createDynamicConfig(ConfigUtil.java:156)
[2017-11-21 20:38:34,969/CST][main][INFO]create local config: io.servicecomb.config.ConfigUtil.createLocalConfig(ConfigUtil.java:88)
[2017-11-21 20:38:34,982/CST][main][INFO] jar:file:/C:/Users/ii/.m2/repository/com/huawei/paas/cse/cse-solution-service-engine/2.2.7/cse-solution-service-engine-2.2.7.jar!/microservice.yaml. io.servicecomb.config.ConfigUtil.createLocalConfig(ConfigUtil.java:90)
[2017-11-21 20:38:34,997/CST][main][INFO] file:/C:/Users/ii/Documents/GitHub/MicroHigo/higoService/target/classes/microservice.yaml. io.servicecomb.config.ConfigUtil.createLocalConfig(ConfigUtil.java:90)
[2017-11-21 20:38:35,102/CST][main][INFO]get the SPI service success, the extend service is: class com.huawei.paas.config.archaius.sources.ConfigCenterConfigurationSourceImpl io.servicecomb.foundation.common.utils.SPIServiceUtils.getTargetService(SPIServiceUtils.java:52)
[2017-11-21 20:38:37,531/CST][config-center-vert.x-eventloop-thread-0][INFO]add network interface name:wlan1,host address:192.168.0.112 io.servicecomb.foundation.common.net.NetUtils.doGetIpv4AddressFromNetworkInterface(NetUtils.java:104)
[2017-11-21 20:38:37,556/CST][config-center-vert.x-eventloop-thread-0][INFO]add network interface name:eth6,host address:192.168.56.1 io.servicecomb.foundation.common.net.NetUtils.doGetIpv4AddressFromNetworkInterface(NetUtils.java:104)
[2017-11-21 20:38:37,578/CST][main][INFO]JSR-330 'javax.inject.Inject' annotation found and supported for autowiring org.springframework.beans.factory.annotation.AutowiredAnnotationBeanPostProcessor.<init>(AutowiredAnnotationBeanPostProcessor.java:155)
[2017-11-21 20:38:37,776/CST][config-center-vert.x-eventloop-thread-0][INFO]add host name from localhost:DESKTOP-NPBOI24,host address:192.168.0.112 io.servicecomb.foundation.common.net.NetUtils.<clinit>(NetUtils.java:62)
[2017-11-21 20:38:37,952/CST][config-center-vert.x-eventloop-thread-0][ERROR]sign request failed, uri is https://cse.cn-north-1.myhwclouds.com:443/v3/default/configuration/items?dimensionsInfo=higoService@higo#0.0.1, message: unable to access the configured AKSKCipher: default com.huawei.paas.foundation.auth.AuthHeaderProviderImpl.getSignAuthHeaders(AuthHeaderProviderImpl.java:58)
[2017-11-21 20:38:39,358/CST][vertx-blocked-thread-checker][WARN]Thread Thread[config-center-vert.x-eventloop-thread-0,5,main] has been blocked for 2262 ms, time limit is 2000 io.vertx.core.impl.BlockedThreadChecker$1.run(BlockedThreadChecker.java:53)
[2017-11-21 20:38:40,053/CST][main][INFO]Found swagger generator context: io.servicecomb.swagger.generator.springmvc.SpringmvcSwaggerGeneratorContext io.servicecomb.swagger.generator.core.CompositeSwaggerGeneratorContext.<init>(CompositeSwaggerGeneratorContext.java:39)
[2017-11-21 20:38:40,076/CST][main][INFO]Found swagger generator context: io.servicecomb.swagger.generator.jaxrs.JaxrsSwaggerGeneratorContext io.servicecomb.swagger.generator.core.CompositeSwaggerGeneratorContext.<init>(CompositeSwaggerGeneratorContext.java:39)
[2017-11-21 20:38:40,150/CST][main][INFO]Found swagger generator context: io.servicecomb.swagger.generator.pojo.PojoSwaggerGeneratorContext io.servicecomb.swagger.generator.core.CompositeSwaggerGeneratorContext.<init>(CompositeSwaggerGeneratorContext.java:39)
[2017-11-21 20:38:41,121/CST][config-center-vert.x-eventloop-thread-0][ERROR]fetch config fail com.huawei.paas.config.client.ConfigCenterClient$ConfigRefresh.lambda$null$8(ConfigCenterClient.java:287)
[2017-11-21 20:38:41,616/CST][main][INFO]load microservice config, name=higoService, paths=[jar:file:/C:/Users/ii/.m2/repository/com/huawei/paas/cse/cse-solution-service-engine/2.2.7/cse-solution-service-engine-2.2.7.jar!/microservice.yaml, file:/C:/Users/ii/Documents/GitHub/MicroHigo/higoService/target/classes/microservice.yaml] io.servicecomb.serviceregistry.definition.MicroserviceDefinition.logConfigPath(MicroserviceDefinition.java:133)
[2017-11-21 20:38:41,790/CST][main][INFO]It is running in the normal mode, a separated service registry is required io.servicecomb.serviceregistry.registry.ServiceRegistryFactory.create(ServiceRegistryFactory.java:81)
[2017-11-21 20:38:42,053/CST][main][INFO]executor group 2, thread per group 4. io.servicecomb.core.executor.FixedThreadExecutor.<init>(FixedThreadExecutor.java:53)
[2017-11-21 20:38:42,321/CST][config-center-vert.x-eventloop-thread-0][WARN]Config value cache changed: action:create; item:[nihao, sadf, test0000, g, h, gsw, j, k, l, dsafsaaaa, te, q, dafd, loglevel, dsaf, hello] com.huawei.paas.config.archaius.sources.ConfigCenterConfigurationSourceImpl$UpdateHandler.handle(ConfigCenterConfigurationSourceImpl.java:124)
[2017-11-21 20:38:42,980/CST][main][WARN]address /0.0.0.0:8080, auto select a host address to publish 192.168.0.112:8080, maybe not the correct one io.servicecomb.serviceregistry.RegistryUtils.genPublishIpPort(RegistryUtils.java:171)
[2017-11-21 20:38:43,001/CST][main][INFO]can not listen /0.0.0.0:8080, skip io.servicecomb.transport.rest.vertx.VertxRestTransport. io.servicecomb.transport.rest.vertx.VertxRestTransport.canInit(VertxRestTransport.java:59)
[2017-11-21 20:38:43,017/CST][main][INFO]choose io.servicecomb.transport.rest.servlet.ServletRestTransport for rest. io.servicecomb.core.transport.TransportManager.chooseOneTransport(TransportManager.java:85)
[2017-11-21 20:38:43,030/CST][main][INFO]choose io.servicecomb.transport.highway.HighwayTransport for highway. io.servicecomb.core.transport.TransportManager.chooseOneTransport(TransportManager.java:85)
[2017-11-21 20:38:43,044/CST][main][WARN]address /0.0.0.0:8080, auto select a host address to publish 192.168.0.112:8080, maybe not the correct one io.servicecomb.serviceregistry.RegistryUtils.genPublishIpPort(RegistryUtils.java:171)
[2017-11-21 20:38:43,071/CST][main][INFO]endpoint to publish: rest://192.168.0.112:8080 io.servicecomb.core.transport.TransportManager.init(TransportManager.java:57)
[2017-11-21 20:38:43,094/CST][transport-vert.x-eventloop-thread-4][WARN]highway listen address is not configured, will not listen. io.servicecomb.transport.highway.HighwayServerVerticle.startListen(HighwayServerVerticle.java:58)
[2017-11-21 20:38:43,134/CST][main][INFO]running microservice register task. io.servicecomb.serviceregistry.task.MicroserviceRegisterTask.doRegister(MicroserviceRegisterTask.java:57)
[2017-11-21 20:38:56,957/CST][main][INFO]Microservice exists in service center, no need to register. id=66f4e1f6ce8011e7b7d70255ac105111 appId=higo, name=higoService, version=0.0.1 io.servicecomb.serviceregistry.task.MicroserviceRegisterTask.doRegister(MicroserviceRegisterTask.java:64)
[2017-11-21 20:38:57,674/CST][main][ERROR]SchemaIds is different between local and service center. Please change microservice version. id=66f4e1f6ce8011e7b7d70255ac105111 appId=higo, name=higoService, version=0.0.1, local schemaIds=[], service center schemaIds=[higoservice] io.servicecomb.serviceregistry.task.MicroserviceRegisterTask.checkSchemaIdSet(MicroserviceRegisterTask.java:115)
[2017-11-21 20:38:57,693/CST][main][INFO]read MicroserviceRegisterTask status is FINISHED io.servicecomb.serviceregistry.task.ServiceCenterTask.onRegisterTask(ServiceCenterTask.java:51)
[2017-11-21 20:38:57,706/CST][main][INFO]running microservice instance register task. io.servicecomb.serviceregistry.task.MicroserviceInstanceRegisterTask.doRegister(MicroserviceInstanceRegisterTask.java:59)
[2017-11-21 20:38:59,907/CST][main][INFO]Register microservice instance success. microserviceId=66f4e1f6ce8011e7b7d70255ac105111 instanceId=f36eeab8ceb811e7b7d70255ac105111 endpoints=[rest://192.168.0.112:8080] lease 120s io.servicecomb.serviceregistry.task.MicroserviceInstanceRegisterTask.doRegister(MicroserviceInstanceRegisterTask.java:77)
[2017-11-21 20:38:59,933/CST][main][INFO]read MicroserviceInstanceRegisterTask status is FINISHED io.servicecomb.serviceregistry.task.ServiceCenterTask.onRegisterTask(ServiceCenterTask.java:51)
[2017-11-21 20:39:10,711/CST][main][INFO]Monitor data sender started. Configured data providers is {com.huawei.paas.monitor.HealthMonitorDataProvider,com.huawei.paas.cse.tcc.upload.TransactionMonitorDataProvider,} com.huawei.paas.monitor.DataFactory.start(DataFactory.java:78)
[2017-11-21 20:39:16,118/CST][cse-monitor-datafactory-3-1][WARN]Upload monitor data error because org.apache.http.conn.ConnectTimeoutException Connect to cse.cn-north-1.myhwclouds.com:443 [cse.cn-north-1.myhwclouds.com/43.254.0.22] failed: connect timed out, you can disable it by setting cse.monitor.client.enable to false. com.huawei.paas.monitor.DataFactory.sendData(DataFactory.java:145)
[2017-11-21 20:39:24,370/CST][cse-monitor-datafactory-3-1][WARN]Upload monitor data error because org.apache.http.conn.ConnectTimeoutException Connect to cse.cn-north-1.myhwclouds.com:443 [cse.cn-north-1.myhwclouds.com/43.254.0.22] failed: connect timed out, you can disable it by setting cse.monitor.client.enable to false. com.huawei.paas.monitor.DataFactory.sendData(DataFactory.java:145)
[2017-11-21 20:39:34,198/CST][cse-monitor-datafactory-3-1][WARN]Upload monitor data error because org.apache.http.conn.ConnectTimeoutException Connect to cse.cn-north-1.myhwclouds.com:443 [cse.cn-north-1.myhwclouds.com/43.254.0.22] failed: Read timed out, you can disable it by setting cse.monitor.client.enable to false. com.huawei.paas.monitor.DataFactory.sendData(DataFactory.java:145)
[2017-11-21 20:41:50,512/CST][main][INFO]Write merged log4j config file to C:\Users\ii\Documents\GitHub\MicroHigo\higoService\target\classes\config\merged.log4j.properties io.servicecomb.foundation.common.utils.Log4jUtils.outputFile(Log4jUtils.java:103)
[2017-11-21 20:41:50,620/CST][main][INFO]Refreshing org.springframework.context.support.ClassPathXmlApplicationContext@20d3d15a: startup date [Tue Nov 21 20:41:50 CST 2017]; root of context hierarchy org.springframework.context.support.AbstractApplicationContext.prepareRefresh(AbstractApplicationContext.java:582)
[2017-11-21 20:41:50,778/CST][main][INFO]Loading XML bean definitions from file [C:\Users\ii\Documents\GitHub\MicroHigo\higoService\target\classes\META-INF\spring\cse.higoService.bean.xml] org.springframework.beans.factory.xml.XmlBeanDefinitionReader.loadBeanDefinitions(XmlBeanDefinitionReader.java:317)
[2017-11-21 20:41:51,291/CST][main][INFO]Loading XML bean definitions from URL [jar:file:/C:/Users/ii/.m2/repository/com/huawei/paas/cse/foundation-auth/2.2.7/foundation-auth-2.2.7.jar!/META-INF/spring/auth.bean.xml] org.springframework.beans.factory.xml.XmlBeanDefinitionReader.loadBeanDefinitions(XmlBeanDefinitionReader.java:317)
[2017-11-21 20:41:51,361/CST][main][INFO]Loading XML bean definitions from URL [jar:file:/C:/Users/ii/.m2/repository/io/servicecomb/foundation-common/0.4.0/foundation-common-0.4.0.jar!/META-INF/spring/common.bean.xml] org.springframework.beans.factory.xml.XmlBeanDefinitionReader.loadBeanDefinitions(XmlBeanDefinitionReader.java:317)
[2017-11-21 20:41:51,433/CST][main][INFO]Loading XML bean definitions from URL [jar:file:/C:/Users/ii/.m2/repository/io/servicecomb/foundation-config/0.4.0/foundation-config-0.4.0.jar!/META-INF/spring/cse.bean.xml] org.springframework.beans.factory.xml.XmlBeanDefinitionReader.loadBeanDefinitions(XmlBeanDefinitionReader.java:317)
[2017-11-21 20:41:51,563/CST][main][INFO]Loading XML bean definitions from URL [jar:file:/C:/Users/ii/.m2/repository/io/servicecomb/foundation-vertx/0.4.0/foundation-vertx-0.4.0.jar!/META-INF/spring/cse.bean.xml] org.springframework.beans.factory.xml.XmlBeanDefinitionReader.loadBeanDefinitions(XmlBeanDefinitionReader.java:317)
[2017-11-21 20:41:51,648/CST][main][INFO]Loading XML bean definitions from URL [jar:file:/C:/Users/ii/.m2/repository/io/servicecomb/java-chassis-core/0.4.0/java-chassis-core-0.4.0.jar!/META-INF/spring/cse.bean.xml] org.springframework.beans.factory.xml.XmlBeanDefinitionReader.loadBeanDefinitions(XmlBeanDefinitionReader.java:317)
[2017-11-21 20:41:52,953/CST][main][INFO]Loading XML bean definitions from URL [jar:file:/C:/Users/ii/.m2/repository/io/servicecomb/transport-rest-client/0.4.0/transport-rest-client-0.4.0.jar!/META-INF/spring/cse.transport.rest.bean.xml] org.springframework.beans.factory.xml.XmlBeanDefinitionReader.loadBeanDefinitions(XmlBeanDefinitionReader.java:317)
[2017-11-21 20:41:53,002/CST][main][INFO]Loading XML bean definitions from URL [jar:file:/C:/Users/ii/.m2/repository/io/servicecomb/handler-bizkeeper/0.4.0/handler-bizkeeper-0.4.0.jar!/META-INF/spring/cse.bean.xml] org.springframework.beans.factory.xml.XmlBeanDefinitionReader.loadBeanDefinitions(XmlBeanDefinitionReader.java:317)
[2017-11-21 20:41:53,070/CST][main][INFO]Loading XML bean definitions from URL [jar:file:/C:/Users/ii/.m2/repository/io/servicecomb/handler-loadbalance/0.4.0/handler-loadbalance-0.4.0.jar!/META-INF/spring/cse.bean.xml] org.springframework.beans.factory.xml.XmlBeanDefinitionReader.loadBeanDefinitions(XmlBeanDefinitionReader.java:317)
[2017-11-21 20:41:53,190/CST][main][INFO]Loading XML bean definitions from URL [jar:file:/C:/Users/ii/.m2/repository/com/huawei/paas/cse/cse-handler-cloud-extension/2.2.7/cse-handler-cloud-extension-2.2.7.jar!/META-INF/spring/services.bean.xml] org.springframework.beans.factory.xml.XmlBeanDefinitionReader.loadBeanDefinitions(XmlBeanDefinitionReader.java:317)
[2017-11-21 20:41:53,290/CST][main][INFO]Loading XML bean definitions from URL [jar:file:/C:/Users/ii/.m2/repository/io/servicecomb/foundation-metrics/0.4.0/foundation-metrics-0.4.0.jar!/META-INF/spring/metrics.bean.xml] org.springframework.beans.factory.xml.XmlBeanDefinitionReader.loadBeanDefinitions(XmlBeanDefinitionReader.java:317)
[2017-11-21 20:41:53,361/CST][main][INFO]Loading XML bean definitions from URL [jar:file:/C:/Users/ii/.m2/repository/com/huawei/paas/cse/cse-handler-tcc/2.2.7/cse-handler-tcc-2.2.7.jar!/META-INF/spring/cse.tcc.bean.xml] org.springframework.beans.factory.xml.XmlBeanDefinitionReader.loadBeanDefinitions(XmlBeanDefinitionReader.java:317)
[2017-11-21 20:41:54,509/CST][main][WARN]No URLs will be polled as dynamic configuration sources. com.netflix.config.sources.URLConfigurationSource.<init>(URLConfigurationSource.java:121)
[2017-11-21 20:41:54,522/CST][main][INFO]To enable URLs as dynamic configuration sources, define System property archaius.configurationSource.additionalUrls or make config.properties available on classpath. com.netflix.config.sources.URLConfigurationSource.<init>(URLConfigurationSource.java:122)
[2017-11-21 20:41:54,553/CST][main][INFO]create dynamic config: io.servicecomb.config.ConfigUtil.createDynamicConfig(ConfigUtil.java:156)
[2017-11-21 20:41:54,798/CST][main][INFO]create local config: io.servicecomb.config.ConfigUtil.createLocalConfig(ConfigUtil.java:88)
[2017-11-21 20:41:54,812/CST][main][INFO] jar:file:/C:/Users/ii/.m2/repository/com/huawei/paas/cse/cse-solution-service-engine/2.2.7/cse-solution-service-engine-2.2.7.jar!/microservice.yaml. io.servicecomb.config.ConfigUtil.createLocalConfig(ConfigUtil.java:90)
[2017-11-21 20:41:54,829/CST][main][INFO] file:/C:/Users/ii/Documents/GitHub/MicroHigo/higoService/target/classes/microservice.yaml. io.servicecomb.config.ConfigUtil.createLocalConfig(ConfigUtil.java:90)
[2017-11-21 20:41:54,939/CST][main][INFO]get the SPI service success, the extend service is: class com.huawei.paas.config.archaius.sources.ConfigCenterConfigurationSourceImpl io.servicecomb.foundation.common.utils.SPIServiceUtils.getTargetService(SPIServiceUtils.java:52)
[2017-11-21 20:41:57,467/CST][config-center-vert.x-eventloop-thread-0][INFO]add network interface name:wlan1,host address:192.168.0.112 io.servicecomb.foundation.common.net.NetUtils.doGetIpv4AddressFromNetworkInterface(NetUtils.java:104)
[2017-11-21 20:41:57,510/CST][config-center-vert.x-eventloop-thread-0][INFO]add network interface name:eth6,host address:192.168.56.1 io.servicecomb.foundation.common.net.NetUtils.doGetIpv4AddressFromNetworkInterface(NetUtils.java:104)
[2017-11-21 20:41:57,540/CST][main][INFO]JSR-330 'javax.inject.Inject' annotation found and supported for autowiring org.springframework.beans.factory.annotation.AutowiredAnnotationBeanPostProcessor.<init>(AutowiredAnnotationBeanPostProcessor.java:155)
[2017-11-21 20:41:57,783/CST][config-center-vert.x-eventloop-thread-0][INFO]add host name from localhost:DESKTOP-NPBOI24,host address:192.168.0.112 io.servicecomb.foundation.common.net.NetUtils.<clinit>(NetUtils.java:62)
[2017-11-21 20:41:58,056/CST][config-center-vert.x-eventloop-thread-0][ERROR]sign request failed, uri is https://cse.cn-north-1.myhwclouds.com:443/v3/default/configuration/items?dimensionsInfo=higoService@higo#0.0.1, message: unable to access the configured AKSKCipher: default com.huawei.paas.foundation.auth.AuthHeaderProviderImpl.getSignAuthHeaders(AuthHeaderProviderImpl.java:58)
[2017-11-21 20:41:59,283/CST][vertx-blocked-thread-checker][WARN]Thread Thread[config-center-vert.x-eventloop-thread-0,5,main] has been blocked for 2256 ms, time limit is 2000 io.vertx.core.impl.BlockedThreadChecker$1.run(BlockedThreadChecker.java:53)
[2017-11-21 20:42:00,288/CST][vertx-blocked-thread-checker][WARN]Thread Thread[config-center-vert.x-eventloop-thread-0,5,main] has been blocked for 3262 ms, time limit is 2000 io.vertx.core.impl.BlockedThreadChecker$1.run(BlockedThreadChecker.java:53)
[2017-11-21 20:42:00,921/CST][main][INFO]Found swagger generator context: io.servicecomb.swagger.generator.springmvc.SpringmvcSwaggerGeneratorContext io.servicecomb.swagger.generator.core.CompositeSwaggerGeneratorContext.<init>(CompositeSwaggerGeneratorContext.java:39)
[2017-11-21 20:42:00,935/CST][main][INFO]Found swagger generator context: io.servicecomb.swagger.generator.jaxrs.JaxrsSwaggerGeneratorContext io.servicecomb.swagger.generator.core.CompositeSwaggerGeneratorContext.<init>(CompositeSwaggerGeneratorContext.java:39)
[2017-11-21 20:42:00,950/CST][main][INFO]Found swagger generator context: io.servicecomb.swagger.generator.pojo.PojoSwaggerGeneratorContext io.servicecomb.swagger.generator.core.CompositeSwaggerGeneratorContext.<init>(CompositeSwaggerGeneratorContext.java:39)
[2017-11-21 20:42:01,898/CST][main][INFO]load microservice config, name=higoService, paths=[jar:file:/C:/Users/ii/.m2/repository/com/huawei/paas/cse/cse-solution-service-engine/2.2.7/cse-solution-service-engine-2.2.7.jar!/microservice.yaml, file:/C:/Users/ii/Documents/GitHub/MicroHigo/higoService/target/classes/microservice.yaml] io.servicecomb.serviceregistry.definition.MicroserviceDefinition.logConfigPath(MicroserviceDefinition.java:133)
[2017-11-21 20:42:02,143/CST][main][INFO]It is running in the normal mode, a separated service registry is required io.servicecomb.serviceregistry.registry.ServiceRegistryFactory.create(ServiceRegistryFactory.java:81)
[2017-11-21 20:42:02,595/CST][main][INFO]executor group 2, thread per group 4. io.servicecomb.core.executor.FixedThreadExecutor.<init>(FixedThreadExecutor.java:53)
[2017-11-21 20:42:03,334/CST][main][WARN]address /0.0.0.0:8081, auto select a host address to publish 192.168.0.112:8081, maybe not the correct one io.servicecomb.serviceregistry.RegistryUtils.genPublishIpPort(RegistryUtils.java:171)
[2017-11-21 20:42:03,362/CST][main][INFO]choose io.servicecomb.transport.rest.vertx.VertxRestTransport for rest. io.servicecomb.core.transport.TransportManager.chooseOneTransport(TransportManager.java:85)
[2017-11-21 20:42:03,377/CST][main][INFO]choose io.servicecomb.transport.highway.HighwayTransport for highway. io.servicecomb.core.transport.TransportManager.chooseOneTransport(TransportManager.java:85)
[2017-11-21 20:42:03,422/CST][transport-vert.x-eventloop-thread-0][INFO]init vertx http dispatcher io.servicecomb.transport.rest.vertx.VertxRestDispatcher io.servicecomb.transport.rest.vertx.RestServerVerticle.initDispatcher(RestServerVerticle.java:85)
[2017-11-21 20:42:03,446/CST][transport-vert.x-eventloop-thread-0][INFO]set uploads directory to null. io.servicecomb.transport.rest.vertx.AbstractVertxHttpDispatcher.createBodyHandler(AbstractVertxHttpDispatcher.java:48)
[2017-11-21 20:42:03,573/CST][transport-vert.x-eventloop-thread-0][INFO]rest listen success. address=0.0.0.0:8081 io.servicecomb.transport.rest.vertx.RestServerVerticle.lambda$startListen$0(RestServerVerticle.java:93)
[2017-11-21 20:42:03,607/CST][main][INFO]endpoint to publish: rest://192.168.0.112:8081 io.servicecomb.core.transport.TransportManager.init(TransportManager.java:57)
[2017-11-21 20:42:03,633/CST][transport-vert.x-eventloop-thread-6][WARN]highway listen address is not configured, will not listen. io.servicecomb.transport.highway.HighwayServerVerticle.startListen(HighwayServerVerticle.java:58)
[2017-11-21 20:42:03,675/CST][main][INFO]running microservice register task. io.servicecomb.serviceregistry.task.MicroserviceRegisterTask.doRegister(MicroserviceRegisterTask.java:57)
[2017-11-21 20:42:06,463/CST][main][INFO]Microservice exists in service center, no need to register. id=66f4e1f6ce8011e7b7d70255ac105111 appId=higo, name=higoService, version=0.0.1 io.servicecomb.serviceregistry.task.MicroserviceRegisterTask.doRegister(MicroserviceRegisterTask.java:64)
[2017-11-21 20:42:08,308/CST][main][ERROR]SchemaIds is different between local and service center. Please change microservice version. id=66f4e1f6ce8011e7b7d70255ac105111 appId=higo, name=higoService, version=0.0.1, local schemaIds=[], service center schemaIds=[higoservice] io.servicecomb.serviceregistry.task.MicroserviceRegisterTask.checkSchemaIdSet(MicroserviceRegisterTask.java:115)
[2017-11-21 20:42:08,328/CST][main][INFO]read MicroserviceRegisterTask status is FINISHED io.servicecomb.serviceregistry.task.ServiceCenterTask.onRegisterTask(ServiceCenterTask.java:51)
[2017-11-21 20:42:08,341/CST][main][INFO]running microservice instance register task. io.servicecomb.serviceregistry.task.MicroserviceInstanceRegisterTask.doRegister(MicroserviceInstanceRegisterTask.java:59)
[2017-11-21 20:42:09,606/CST][main][INFO]Register microservice instance success. microserviceId=66f4e1f6ce8011e7b7d70255ac105111 instanceId=648047a5ceb911e7b7d70255ac105111 endpoints=[rest://192.168.0.112:8081] lease 120s io.servicecomb.serviceregistry.task.MicroserviceInstanceRegisterTask.doRegister(MicroserviceInstanceRegisterTask.java:77)
[2017-11-21 20:42:09,648/CST][main][INFO]read MicroserviceInstanceRegisterTask status is FINISHED io.servicecomb.serviceregistry.task.ServiceCenterTask.onRegisterTask(ServiceCenterTask.java:51)
[2017-11-21 20:42:10,113/CST][main][INFO]Monitor data sender started. Configured data providers is {com.huawei.paas.monitor.HealthMonitorDataProvider,com.huawei.paas.cse.tcc.upload.TransactionMonitorDataProvider,} com.huawei.paas.monitor.DataFactory.start(DataFactory.java:78)
[2017-11-21 20:42:12,700/CST][config-center-vert.x-eventloop-thread-0][WARN]Config value cache changed: action:create; item:[nihao, sadf, test0000, g, h, gsw, j, k, l, dsafsaaaa, te, q, dafd, loglevel, dsaf, hello] com.huawei.paas.config.archaius.sources.ConfigCenterConfigurationSourceImpl$UpdateHandler.handle(ConfigCenterConfigurationSourceImpl.java:124)
[2017-11-21 20:42:13,031/CST][main][INFO]Found schema ids from service center, higo:higoDB:0+:[higodb] io.servicecomb.core.definition.schema.ConsumerSchemaFactory.findMicroservice(ConsumerSchemaFactory.java:104)
[2017-11-21 20:42:13,315/CST][config-center-vert.x-eventloop-thread-0][ERROR]fetch config fail com.huawei.paas.config.client.ConfigCenterClient$ConfigRefresh.lambda$null$8(ConfigCenterClient.java:287)
[2017-11-21 20:42:13,327/CST][main][INFO]load schema from service center, microservice=higo:higoDB:0.0.1, schemaId=higodb, result=true io.servicecomb.core.definition.schema.ConsumerSchemaFactory.loadSwagger(ConsumerSchemaFactory.java:144)
[2017-11-21 20:42:13,545/CST][main][INFO]register schema higo/higoDB/higodb io.servicecomb.core.definition.loader.SchemaLoader.registerSchema(SchemaLoader.java:90)
[2017-11-21 20:42:13,579/CST][main][INFO]generate cse.gen.higo.higoDB.higodb.HigodbImplIntf in classLoader sun.misc.Launcher$AppClassLoader@2a139a55. io.servicecomb.common.javassist.JavassistUtils.createClass(JavassistUtils.java:181)
[2017-11-21 20:42:13,644/CST][main][INFO]add schema to service paths. higo:higoDB:higodb. io.servicecomb.common.rest.locator.ServicePathManager.addSchema(ServicePathManager.java:91)
[2017-11-21 20:42:13,661/CST][main][ERROR]locate path failed, status:Not Found, http method:GET, path:/higodb/getDiscount/, microserviceName:higoDB io.servicecomb.common.rest.locator.OperationLocator.locate(OperationLocator.java:72)
[2017-11-21 20:42:40,104/CST][Service Center Task][WARN]sc task interval changed from -1 to 30 io.servicecomb.serviceregistry.task.ServiceCenterTaskMonitor.beginCycle(ServiceCenterTaskMonitor.java:38)
[2017-11-21 20:42:40,105/CST][Service Center Task][WARN]sc task interval changed from -1 to 30 io.servicecomb.serviceregistry.task.ServiceCenterTaskMonitor.beginCycle(ServiceCenterTaskMonitor.java:38)
[2017-11-21 20:42:42,244/CST][Service Center Task][WARN]sc task taken more than 2140ms to execute io.servicecomb.serviceregistry.task.ServiceCenterTaskMonitor.endCycle(ServiceCenterTaskMonitor.java:50)
[2017-11-21 20:43:02,761/CST][metrics][INFO]Cycle stat output:
             call count       msg count        avg tps    avg latency(ms) |[0,20)    [20,100)  [100,300) [300,500) [500,...) 
 io.servicecomb.foundation.metrics.performance.PerfStatMonitorMgr.onCycle(PerfStatMonitorMgr.java:78)
[2017-11-21 20:43:32,916/CST][cse-monitor-datafactory-3-1][WARN]Upload monitor data error because java.net.SocketTimeoutException Read timed out, you can disable it by setting cse.monitor.client.enable to false. com.huawei.paas.monitor.DataFactory.sendData(DataFactory.java:145)
[2017-11-21 20:43:37,289/CST][Service Center Task][WARN]sc task taken more than 27185ms to execute io.servicecomb.serviceregistry.task.ServiceCenterTaskMonitor.endCycle(ServiceCenterTaskMonitor.java:50)
[2017-11-21 20:43:47,980/CST][cse-monitor-datafactory-3-1][WARN]Upload monitor data error because org.apache.http.conn.ConnectTimeoutException Connect to cse.cn-north-1.myhwclouds.com:443 [cse.cn-north-1.myhwclouds.com/43.254.0.22] failed: connect timed out, you can disable it by setting cse.monitor.client.enable to false. com.huawei.paas.monitor.DataFactory.sendData(DataFactory.java:145)
[2017-11-21 20:43:53,928/CST][config-center-vert.x-eventloop-thread-0][ERROR]config refresh fail Connection was closed com.huawei.paas.config.client.ConfigCenterClient$ConfigRefresh.lambda$null$9(ConfigCenterClient.java:300)
[2017-11-21 20:43:56,037/CST][cse-monitor-datafactory-3-1][WARN]Upload monitor data error because org.apache.http.conn.ConnectTimeoutException Connect to cse.cn-north-1.myhwclouds.com:443 [cse.cn-north-1.myhwclouds.com/43.254.0.22] failed: connect timed out, you can disable it by setting cse.monitor.client.enable to false. com.huawei.paas.monitor.DataFactory.sendData(DataFactory.java:145)
[2017-11-21 20:43:56,184/CST][config-center-vert.x-eventloop-thread-0][ERROR]config refresh fail Connection was closed com.huawei.paas.config.client.ConfigCenterClient$ConfigRefresh.lambda$null$9(ConfigCenterClient.java:300)
[2017-11-21 20:44:02,835/CST][metrics][INFO]Cycle stat output:
             call count       msg count        avg tps    avg latency(ms) |[0,20)    [20,100)  [100,300) [300,500) [500,...) 
 io.servicecomb.foundation.metrics.performance.PerfStatMonitorMgr.onCycle(PerfStatMonitorMgr.java:78)
[2017-11-21 20:44:04,190/CST][cse-monitor-datafactory-3-1][WARN]Upload monitor data error because org.apache.http.conn.ConnectTimeoutException Connect to cse.cn-north-1.myhwclouds.com:443 [cse.cn-north-1.myhwclouds.com/43.254.0.22] failed: connect timed out, you can disable it by setting cse.monitor.client.enable to false. com.huawei.paas.monitor.DataFactory.sendData(DataFactory.java:145)
[2017-11-21 20:44:10,109/CST][registry-vert.x-eventloop-thread-0][ERROR]PUT /v4/default/registry/microservices/66f4e1f6ce8011e7b7d70255ac105111/instances/648047a5ceb911e7b7d70255ac105111/heartbeat fail, endpoint is cse.cn-north-1.myhwclouds.com:443, message: The timeout period of 30000ms has been exceeded io.servicecomb.serviceregistry.client.http.RestUtils.lambda$null$1(RestUtils.java:85)
[2017-11-21 20:44:10,129/CST][registry-vert.x-eventloop-thread-0][WARN]invoke service [/v4/default/registry/microservices/66f4e1f6ce8011e7b7d70255ac105111/instances/648047a5ceb911e7b7d70255ac105111/heartbeat] failed, retry. io.servicecomb.serviceregistry.client.http.ServiceRegistryClientImpl.retry(ServiceRegistryClientImpl.java:79)
[2017-11-21 20:44:10,148/CST][registry-vert.x-eventloop-thread-0][INFO]Using next service center address cse.cn-north-1.myhwclouds.com:443. io.servicecomb.serviceregistry.client.IpPortManager.returnWithLog(IpPortManager.java:94)
[2017-11-21 20:44:12,348/CST][cse-monitor-datafactory-3-1][WARN]Upload monitor data error because org.apache.http.conn.ConnectTimeoutException Connect to cse.cn-north-1.myhwclouds.com:443 [cse.cn-north-1.myhwclouds.com/43.254.0.22] failed: connect timed out, you can disable it by setting cse.monitor.client.enable to false. com.huawei.paas.monitor.DataFactory.sendData(DataFactory.java:145)
[2017-11-21 20:44:13,858/CST][Service Center Task][WARN]sc task taken more than 33754ms to execute io.servicecomb.serviceregistry.task.ServiceCenterTaskMonitor.endCycle(ServiceCenterTaskMonitor.java:50)
[2017-11-21 20:44:20,472/CST][cse-monitor-datafactory-3-1][WARN]Upload monitor data error because org.apache.http.conn.ConnectTimeoutException Connect to cse.cn-north-1.myhwclouds.com:443 [cse.cn-north-1.myhwclouds.com/43.254.0.22] failed: connect timed out, you can disable it by setting cse.monitor.client.enable to false. com.huawei.paas.monitor.DataFactory.sendData(DataFactory.java:145)
[2017-11-21 20:52:39,184/CST][main][INFO]Write merged log4j config file to C:\Users\ii\Documents\GitHub\MicroHigo\higoService\target\classes\config\merged.log4j.properties io.servicecomb.foundation.common.utils.Log4jUtils.outputFile(Log4jUtils.java:103)
[2017-11-21 20:52:39,296/CST][main][INFO]Refreshing org.springframework.context.support.ClassPathXmlApplicationContext@20d3d15a: startup date [Tue Nov 21 20:52:39 CST 2017]; root of context hierarchy org.springframework.context.support.AbstractApplicationContext.prepareRefresh(AbstractApplicationContext.java:582)
[2017-11-21 20:52:39,473/CST][main][INFO]Loading XML bean definitions from file [C:\Users\ii\Documents\GitHub\MicroHigo\higoService\target\classes\META-INF\spring\cse.higoService.bean.xml] org.springframework.beans.factory.xml.XmlBeanDefinitionReader.loadBeanDefinitions(XmlBeanDefinitionReader.java:317)
[2017-11-21 20:52:39,968/CST][main][INFO]Loading XML bean definitions from URL [jar:file:/C:/Users/ii/.m2/repository/com/huawei/paas/cse/foundation-auth/2.2.7/foundation-auth-2.2.7.jar!/META-INF/spring/auth.bean.xml] org.springframework.beans.factory.xml.XmlBeanDefinitionReader.loadBeanDefinitions(XmlBeanDefinitionReader.java:317)
[2017-11-21 20:52:40,035/CST][main][INFO]Loading XML bean definitions from URL [jar:file:/C:/Users/ii/.m2/repository/io/servicecomb/foundation-common/0.4.0/foundation-common-0.4.0.jar!/META-INF/spring/common.bean.xml] org.springframework.beans.factory.xml.XmlBeanDefinitionReader.loadBeanDefinitions(XmlBeanDefinitionReader.java:317)
[2017-11-21 20:52:40,093/CST][main][INFO]Loading XML bean definitions from URL [jar:file:/C:/Users/ii/.m2/repository/io/servicecomb/foundation-config/0.4.0/foundation-config-0.4.0.jar!/META-INF/spring/cse.bean.xml] org.springframework.beans.factory.xml.XmlBeanDefinitionReader.loadBeanDefinitions(XmlBeanDefinitionReader.java:317)
[2017-11-21 20:52:40,163/CST][main][INFO]Loading XML bean definitions from URL [jar:file:/C:/Users/ii/.m2/repository/io/servicecomb/foundation-vertx/0.4.0/foundation-vertx-0.4.0.jar!/META-INF/spring/cse.bean.xml] org.springframework.beans.factory.xml.XmlBeanDefinitionReader.loadBeanDefinitions(XmlBeanDefinitionReader.java:317)
[2017-11-21 20:52:40,259/CST][main][INFO]Loading XML bean definitions from URL [jar:file:/C:/Users/ii/.m2/repository/io/servicecomb/java-chassis-core/0.4.0/java-chassis-core-0.4.0.jar!/META-INF/spring/cse.bean.xml] org.springframework.beans.factory.xml.XmlBeanDefinitionReader.loadBeanDefinitions(XmlBeanDefinitionReader.java:317)
[2017-11-21 20:52:41,305/CST][main][INFO]Loading XML bean definitions from URL [jar:file:/C:/Users/ii/.m2/repository/io/servicecomb/transport-rest-client/0.4.0/transport-rest-client-0.4.0.jar!/META-INF/spring/cse.transport.rest.bean.xml] org.springframework.beans.factory.xml.XmlBeanDefinitionReader.loadBeanDefinitions(XmlBeanDefinitionReader.java:317)
[2017-11-21 20:52:41,351/CST][main][INFO]Loading XML bean definitions from URL [jar:file:/C:/Users/ii/.m2/repository/io/servicecomb/handler-bizkeeper/0.4.0/handler-bizkeeper-0.4.0.jar!/META-INF/spring/cse.bean.xml] org.springframework.beans.factory.xml.XmlBeanDefinitionReader.loadBeanDefinitions(XmlBeanDefinitionReader.java:317)
[2017-11-21 20:52:41,396/CST][main][INFO]Loading XML bean definitions from URL [jar:file:/C:/Users/ii/.m2/repository/io/servicecomb/handler-loadbalance/0.4.0/handler-loadbalance-0.4.0.jar!/META-INF/spring/cse.bean.xml] org.springframework.beans.factory.xml.XmlBeanDefinitionReader.loadBeanDefinitions(XmlBeanDefinitionReader.java:317)
[2017-11-21 20:52:41,460/CST][main][INFO]Loading XML bean definitions from URL [jar:file:/C:/Users/ii/.m2/repository/com/huawei/paas/cse/cse-handler-cloud-extension/2.2.7/cse-handler-cloud-extension-2.2.7.jar!/META-INF/spring/services.bean.xml] org.springframework.beans.factory.xml.XmlBeanDefinitionReader.loadBeanDefinitions(XmlBeanDefinitionReader.java:317)
[2017-11-21 20:52:41,623/CST][main][INFO]Loading XML bean definitions from URL [jar:file:/C:/Users/ii/.m2/repository/io/servicecomb/foundation-metrics/0.4.0/foundation-metrics-0.4.0.jar!/META-INF/spring/metrics.bean.xml] org.springframework.beans.factory.xml.XmlBeanDefinitionReader.loadBeanDefinitions(XmlBeanDefinitionReader.java:317)
[2017-11-21 20:52:41,683/CST][main][INFO]Loading XML bean definitions from URL [jar:file:/C:/Users/ii/.m2/repository/com/huawei/paas/cse/cse-handler-tcc/2.2.7/cse-handler-tcc-2.2.7.jar!/META-INF/spring/cse.tcc.bean.xml] org.springframework.beans.factory.xml.XmlBeanDefinitionReader.loadBeanDefinitions(XmlBeanDefinitionReader.java:317)
[2017-11-21 20:52:42,716/CST][main][WARN]No URLs will be polled as dynamic configuration sources. com.netflix.config.sources.URLConfigurationSource.<init>(URLConfigurationSource.java:121)
[2017-11-21 20:52:42,728/CST][main][INFO]To enable URLs as dynamic configuration sources, define System property archaius.configurationSource.additionalUrls or make config.properties available on classpath. com.netflix.config.sources.URLConfigurationSource.<init>(URLConfigurationSource.java:122)
[2017-11-21 20:52:42,760/CST][main][INFO]create dynamic config: io.servicecomb.config.ConfigUtil.createDynamicConfig(ConfigUtil.java:156)
[2017-11-21 20:52:42,995/CST][main][INFO]create local config: io.servicecomb.config.ConfigUtil.createLocalConfig(ConfigUtil.java:88)
[2017-11-21 20:52:43,009/CST][main][INFO] jar:file:/C:/Users/ii/.m2/repository/com/huawei/paas/cse/cse-solution-service-engine/2.2.7/cse-solution-service-engine-2.2.7.jar!/microservice.yaml. io.servicecomb.config.ConfigUtil.createLocalConfig(ConfigUtil.java:90)
[2017-11-21 20:52:43,054/CST][main][INFO] file:/C:/Users/ii/Documents/GitHub/MicroHigo/higoService/target/classes/microservice.yaml. io.servicecomb.config.ConfigUtil.createLocalConfig(ConfigUtil.java:90)
[2017-11-21 20:52:43,150/CST][main][INFO]get the SPI service success, the extend service is: class com.huawei.paas.config.archaius.sources.ConfigCenterConfigurationSourceImpl io.servicecomb.foundation.common.utils.SPIServiceUtils.getTargetService(SPIServiceUtils.java:52)
[2017-11-21 20:52:45,443/CST][config-center-vert.x-eventloop-thread-0][INFO]add network interface name:wlan1,host address:192.168.0.112 io.servicecomb.foundation.common.net.NetUtils.doGetIpv4AddressFromNetworkInterface(NetUtils.java:104)
[2017-11-21 20:52:45,486/CST][config-center-vert.x-eventloop-thread-0][INFO]add network interface name:eth6,host address:192.168.56.1 io.servicecomb.foundation.common.net.NetUtils.doGetIpv4AddressFromNetworkInterface(NetUtils.java:104)
[2017-11-21 20:52:45,493/CST][main][INFO]JSR-330 'javax.inject.Inject' annotation found and supported for autowiring org.springframework.beans.factory.annotation.AutowiredAnnotationBeanPostProcessor.<init>(AutowiredAnnotationBeanPostProcessor.java:155)
[2017-11-21 20:52:45,681/CST][config-center-vert.x-eventloop-thread-0][INFO]add host name from localhost:DESKTOP-NPBOI24,host address:192.168.0.112 io.servicecomb.foundation.common.net.NetUtils.<clinit>(NetUtils.java:62)
[2017-11-21 20:52:45,865/CST][config-center-vert.x-eventloop-thread-0][ERROR]sign request failed, uri is https://cse.cn-north-1.myhwclouds.com:443/v3/default/configuration/items?dimensionsInfo=higoService@higo#0.0.1, message: unable to access the configured AKSKCipher: default com.huawei.paas.foundation.auth.AuthHeaderProviderImpl.getSignAuthHeaders(AuthHeaderProviderImpl.java:58)
[2017-11-21 20:52:47,351/CST][vertx-blocked-thread-checker][WARN]Thread Thread[config-center-vert.x-eventloop-thread-0,5,main] has been blocked for 2273 ms, time limit is 2000 io.vertx.core.impl.BlockedThreadChecker$1.run(BlockedThreadChecker.java:53)
[2017-11-21 20:52:47,497/CST][main][INFO]Found swagger generator context: io.servicecomb.swagger.generator.springmvc.SpringmvcSwaggerGeneratorContext io.servicecomb.swagger.generator.core.CompositeSwaggerGeneratorContext.<init>(CompositeSwaggerGeneratorContext.java:39)
[2017-11-21 20:52:47,512/CST][main][INFO]Found swagger generator context: io.servicecomb.swagger.generator.jaxrs.JaxrsSwaggerGeneratorContext io.servicecomb.swagger.generator.core.CompositeSwaggerGeneratorContext.<init>(CompositeSwaggerGeneratorContext.java:39)
[2017-11-21 20:52:47,526/CST][main][INFO]Found swagger generator context: io.servicecomb.swagger.generator.pojo.PojoSwaggerGeneratorContext io.servicecomb.swagger.generator.core.CompositeSwaggerGeneratorContext.<init>(CompositeSwaggerGeneratorContext.java:39)
[2017-11-21 20:52:48,529/CST][main][INFO]load microservice config, name=higoService, paths=[jar:file:/C:/Users/ii/.m2/repository/com/huawei/paas/cse/cse-solution-service-engine/2.2.7/cse-solution-service-engine-2.2.7.jar!/microservice.yaml, file:/C:/Users/ii/Documents/GitHub/MicroHigo/higoService/target/classes/microservice.yaml] io.servicecomb.serviceregistry.definition.MicroserviceDefinition.logConfigPath(MicroserviceDefinition.java:133)
[2017-11-21 20:52:48,707/CST][main][INFO]It is running in the normal mode, a separated service registry is required io.servicecomb.serviceregistry.registry.ServiceRegistryFactory.create(ServiceRegistryFactory.java:81)
[2017-11-21 20:52:49,169/CST][main][INFO]executor group 2, thread per group 4. io.servicecomb.core.executor.FixedThreadExecutor.<init>(FixedThreadExecutor.java:53)
[2017-11-21 20:52:49,854/CST][main][WARN]address /0.0.0.0:8081, auto select a host address to publish 192.168.0.112:8081, maybe not the correct one io.servicecomb.serviceregistry.RegistryUtils.genPublishIpPort(RegistryUtils.java:171)
[2017-11-21 20:52:49,874/CST][main][INFO]choose io.servicecomb.transport.rest.vertx.VertxRestTransport for rest. io.servicecomb.core.transport.TransportManager.chooseOneTransport(TransportManager.java:85)
[2017-11-21 20:52:49,886/CST][main][INFO]choose io.servicecomb.transport.highway.HighwayTransport for highway. io.servicecomb.core.transport.TransportManager.chooseOneTransport(TransportManager.java:85)
[2017-11-21 20:52:49,932/CST][transport-vert.x-eventloop-thread-0][INFO]init vertx http dispatcher io.servicecomb.transport.rest.vertx.VertxRestDispatcher io.servicecomb.transport.rest.vertx.RestServerVerticle.initDispatcher(RestServerVerticle.java:85)
[2017-11-21 20:52:49,955/CST][transport-vert.x-eventloop-thread-0][INFO]set uploads directory to null. io.servicecomb.transport.rest.vertx.AbstractVertxHttpDispatcher.createBodyHandler(AbstractVertxHttpDispatcher.java:48)
[2017-11-21 20:52:50,076/CST][transport-vert.x-eventloop-thread-0][INFO]rest listen success. address=0.0.0.0:8081 io.servicecomb.transport.rest.vertx.RestServerVerticle.lambda$startListen$0(RestServerVerticle.java:93)
[2017-11-21 20:52:50,292/CST][main][INFO]endpoint to publish: rest://192.168.0.112:8081 io.servicecomb.core.transport.TransportManager.init(TransportManager.java:57)
[2017-11-21 20:52:50,320/CST][transport-vert.x-eventloop-thread-6][WARN]highway listen address is not configured, will not listen. io.servicecomb.transport.highway.HighwayServerVerticle.startListen(HighwayServerVerticle.java:58)
[2017-11-21 20:52:50,369/CST][main][INFO]running microservice register task. io.servicecomb.serviceregistry.task.MicroserviceRegisterTask.doRegister(MicroserviceRegisterTask.java:57)
[2017-11-21 20:52:54,926/CST][main][INFO]Microservice exists in service center, no need to register. id=66f4e1f6ce8011e7b7d70255ac105111 appId=higo, name=higoService, version=0.0.1 io.servicecomb.serviceregistry.task.MicroserviceRegisterTask.doRegister(MicroserviceRegisterTask.java:64)
[2017-11-21 20:52:55,112/CST][main][ERROR]SchemaIds is different between local and service center. Please change microservice version. id=66f4e1f6ce8011e7b7d70255ac105111 appId=higo, name=higoService, version=0.0.1, local schemaIds=[], service center schemaIds=[higoservice] io.servicecomb.serviceregistry.task.MicroserviceRegisterTask.checkSchemaIdSet(MicroserviceRegisterTask.java:115)
[2017-11-21 20:52:55,131/CST][main][INFO]read MicroserviceRegisterTask status is FINISHED io.servicecomb.serviceregistry.task.ServiceCenterTask.onRegisterTask(ServiceCenterTask.java:51)
[2017-11-21 20:52:55,143/CST][main][INFO]running microservice instance register task. io.servicecomb.serviceregistry.task.MicroserviceInstanceRegisterTask.doRegister(MicroserviceInstanceRegisterTask.java:59)
[2017-11-21 20:52:55,409/CST][main][INFO]Register microservice instance success. microserviceId=66f4e1f6ce8011e7b7d70255ac105111 instanceId=e56a18ccceba11e7abdf0255ac105517 endpoints=[rest://192.168.0.112:8081] lease 120s io.servicecomb.serviceregistry.task.MicroserviceInstanceRegisterTask.doRegister(MicroserviceInstanceRegisterTask.java:77)
[2017-11-21 20:52:55,423/CST][main][INFO]read MicroserviceInstanceRegisterTask status is FINISHED io.servicecomb.serviceregistry.task.ServiceCenterTask.onRegisterTask(ServiceCenterTask.java:51)
[2017-11-21 20:52:55,559/CST][main][INFO]Monitor data sender started. Configured data providers is {com.huawei.paas.monitor.HealthMonitorDataProvider,com.huawei.paas.cse.tcc.upload.TransactionMonitorDataProvider,} com.huawei.paas.monitor.DataFactory.start(DataFactory.java:78)
[2017-11-21 20:52:55,663/CST][config-center-vert.x-eventloop-thread-0][WARN]Config value cache changed: action:create; item:[nihao, sadf, test0000, g, h, gsw, j, k, l, dsafsaaaa, te, q, dafd, loglevel, dsaf, hello] com.huawei.paas.config.archaius.sources.ConfigCenterConfigurationSourceImpl$UpdateHandler.handle(ConfigCenterConfigurationSourceImpl.java:124)
[2017-11-21 20:52:55,745/CST][registry-vert.x-eventloop-thread-0][WARN]Service does not exist. io.servicecomb.serviceregistry.client.http.ServiceRegistryClientImpl.lambda$null$0(ServiceRegistryClientImpl.java:111)
[2017-11-21 20:52:55,759/CST][main][ERROR]can not get microservice id, higo:higodb:0+ io.servicecomb.core.definition.schema.ConsumerSchemaFactory.findMicroservice(ConsumerSchemaFactory.java:94)
[2017-11-21 20:52:56,189/CST][config-center-vert.x-eventloop-thread-0][ERROR]fetch config fail com.huawei.paas.config.client.ConfigCenterClient$ConfigRefresh.lambda$null$8(ConfigCenterClient.java:287)
[2017-11-21 20:53:25,554/CST][Service Center Task][WARN]sc task interval changed from -1 to 30 io.servicecomb.serviceregistry.task.ServiceCenterTaskMonitor.beginCycle(ServiceCenterTaskMonitor.java:38)
[2017-11-21 20:53:25,555/CST][Service Center Task][WARN]sc task interval changed from -1 to 30 io.servicecomb.serviceregistry.task.ServiceCenterTaskMonitor.beginCycle(ServiceCenterTaskMonitor.java:38)
[2017-11-21 20:53:49,337/CST][metrics][INFO]Cycle stat output:
             call count       msg count        avg tps    avg latency(ms) |[0,20)    [20,100)  [100,300) [300,500) [500,...) 
 io.servicecomb.foundation.metrics.performance.PerfStatMonitorMgr.onCycle(PerfStatMonitorMgr.java:78)
[2017-11-21 20:54:49,396/CST][metrics][INFO]Cycle stat output:
             call count       msg count        avg tps    avg latency(ms) |[0,20)    [20,100)  [100,300) [300,500) [500,...) 
 io.servicecomb.foundation.metrics.performance.PerfStatMonitorMgr.onCycle(PerfStatMonitorMgr.java:78)
[2017-11-21 20:55:49,530/CST][metrics][INFO]Cycle stat output:
             call count       msg count        avg tps    avg latency(ms) |[0,20)    [20,100)  [100,300) [300,500) [500,...) 
 io.servicecomb.foundation.metrics.performance.PerfStatMonitorMgr.onCycle(PerfStatMonitorMgr.java:78)
[2017-11-21 20:56:49,597/CST][metrics][INFO]Cycle stat output:
             call count       msg count        avg tps    avg latency(ms) |[0,20)    [20,100)  [100,300) [300,500) [500,...) 
 io.servicecomb.foundation.metrics.performance.PerfStatMonitorMgr.onCycle(PerfStatMonitorMgr.java:78)
[2017-11-21 20:57:05,609/CST][cse-monitor-datafactory-3-1][WARN]Upload monitor data error because java.net.SocketTimeoutException Read timed out, you can disable it by setting cse.monitor.client.enable to false. com.huawei.paas.monitor.DataFactory.sendData(DataFactory.java:145)
[2017-11-21 20:57:20,655/CST][cse-monitor-datafactory-3-1][WARN]Upload monitor data error because org.apache.http.conn.ConnectTimeoutException Connect to cse.cn-north-1.myhwclouds.com:443 [cse.cn-north-1.myhwclouds.com/43.254.0.22] failed: connect timed out, you can disable it by setting cse.monitor.client.enable to false. com.huawei.paas.monitor.DataFactory.sendData(DataFactory.java:145)
[2017-11-21 20:57:49,641/CST][metrics][INFO]Cycle stat output:
             call count       msg count        avg tps    avg latency(ms) |[0,20)    [20,100)  [100,300) [300,500) [500,...) 
 io.servicecomb.foundation.metrics.performance.PerfStatMonitorMgr.onCycle(PerfStatMonitorMgr.java:78)
[2017-11-21 20:58:49,709/CST][metrics][INFO]Cycle stat output:
             call count       msg count        avg tps    avg latency(ms) |[0,20)    [20,100)  [100,300) [300,500) [500,...) 
 io.servicecomb.foundation.metrics.performance.PerfStatMonitorMgr.onCycle(PerfStatMonitorMgr.java:78)
[2017-11-21 21:00:54,484/CST][main][INFO]Write merged log4j config file to C:\Users\ii\Documents\GitHub\MicroHigo\higoService\target\classes\config\merged.log4j.properties io.servicecomb.foundation.common.utils.Log4jUtils.outputFile(Log4jUtils.java:103)
[2017-11-21 21:00:54,597/CST][main][INFO]Refreshing org.springframework.context.support.ClassPathXmlApplicationContext@20d3d15a: startup date [Tue Nov 21 21:00:54 CST 2017]; root of context hierarchy org.springframework.context.support.AbstractApplicationContext.prepareRefresh(AbstractApplicationContext.java:582)
[2017-11-21 21:00:54,782/CST][main][INFO]Loading XML bean definitions from file [C:\Users\ii\Documents\GitHub\MicroHigo\higoService\target\classes\META-INF\spring\cse.higoService.bean.xml] org.springframework.beans.factory.xml.XmlBeanDefinitionReader.loadBeanDefinitions(XmlBeanDefinitionReader.java:317)
[2017-11-21 21:00:55,278/CST][main][INFO]Loading XML bean definitions from URL [jar:file:/C:/Users/ii/.m2/repository/com/huawei/paas/cse/foundation-auth/2.2.7/foundation-auth-2.2.7.jar!/META-INF/spring/auth.bean.xml] org.springframework.beans.factory.xml.XmlBeanDefinitionReader.loadBeanDefinitions(XmlBeanDefinitionReader.java:317)
[2017-11-21 21:00:55,353/CST][main][INFO]Loading XML bean definitions from URL [jar:file:/C:/Users/ii/.m2/repository/io/servicecomb/foundation-common/0.4.0/foundation-common-0.4.0.jar!/META-INF/spring/common.bean.xml] org.springframework.beans.factory.xml.XmlBeanDefinitionReader.loadBeanDefinitions(XmlBeanDefinitionReader.java:317)
[2017-11-21 21:00:55,423/CST][main][INFO]Loading XML bean definitions from URL [jar:file:/C:/Users/ii/.m2/repository/io/servicecomb/foundation-config/0.4.0/foundation-config-0.4.0.jar!/META-INF/spring/cse.bean.xml] org.springframework.beans.factory.xml.XmlBeanDefinitionReader.loadBeanDefinitions(XmlBeanDefinitionReader.java:317)
[2017-11-21 21:00:55,501/CST][main][INFO]Loading XML bean definitions from URL [jar:file:/C:/Users/ii/.m2/repository/io/servicecomb/foundation-vertx/0.4.0/foundation-vertx-0.4.0.jar!/META-INF/spring/cse.bean.xml] org.springframework.beans.factory.xml.XmlBeanDefinitionReader.loadBeanDefinitions(XmlBeanDefinitionReader.java:317)
[2017-11-21 21:00:55,607/CST][main][INFO]Loading XML bean definitions from URL [jar:file:/C:/Users/ii/.m2/repository/io/servicecomb/java-chassis-core/0.4.0/java-chassis-core-0.4.0.jar!/META-INF/spring/cse.bean.xml] org.springframework.beans.factory.xml.XmlBeanDefinitionReader.loadBeanDefinitions(XmlBeanDefinitionReader.java:317)
[2017-11-21 21:00:56,702/CST][main][INFO]Loading XML bean definitions from URL [jar:file:/C:/Users/ii/.m2/repository/io/servicecomb/transport-rest-client/0.4.0/transport-rest-client-0.4.0.jar!/META-INF/spring/cse.transport.rest.bean.xml] org.springframework.beans.factory.xml.XmlBeanDefinitionReader.loadBeanDefinitions(XmlBeanDefinitionReader.java:317)
[2017-11-21 21:00:56,740/CST][main][INFO]Loading XML bean definitions from URL [jar:file:/C:/Users/ii/.m2/repository/io/servicecomb/handler-bizkeeper/0.4.0/handler-bizkeeper-0.4.0.jar!/META-INF/spring/cse.bean.xml] org.springframework.beans.factory.xml.XmlBeanDefinitionReader.loadBeanDefinitions(XmlBeanDefinitionReader.java:317)
[2017-11-21 21:00:56,792/CST][main][INFO]Loading XML bean definitions from URL [jar:file:/C:/Users/ii/.m2/repository/io/servicecomb/handler-loadbalance/0.4.0/handler-loadbalance-0.4.0.jar!/META-INF/spring/cse.bean.xml] org.springframework.beans.factory.xml.XmlBeanDefinitionReader.loadBeanDefinitions(XmlBeanDefinitionReader.java:317)
[2017-11-21 21:00:56,838/CST][main][INFO]Loading XML bean definitions from URL [jar:file:/C:/Users/ii/.m2/repository/com/huawei/paas/cse/cse-handler-cloud-extension/2.2.7/cse-handler-cloud-extension-2.2.7.jar!/META-INF/spring/services.bean.xml] org.springframework.beans.factory.xml.XmlBeanDefinitionReader.loadBeanDefinitions(XmlBeanDefinitionReader.java:317)
[2017-11-21 21:00:56,908/CST][main][INFO]Loading XML bean definitions from URL [jar:file:/C:/Users/ii/.m2/repository/io/servicecomb/foundation-metrics/0.4.0/foundation-metrics-0.4.0.jar!/META-INF/spring/metrics.bean.xml] org.springframework.beans.factory.xml.XmlBeanDefinitionReader.loadBeanDefinitions(XmlBeanDefinitionReader.java:317)
[2017-11-21 21:00:56,983/CST][main][INFO]Loading XML bean definitions from URL [jar:file:/C:/Users/ii/.m2/repository/com/huawei/paas/cse/cse-handler-tcc/2.2.7/cse-handler-tcc-2.2.7.jar!/META-INF/spring/cse.tcc.bean.xml] org.springframework.beans.factory.xml.XmlBeanDefinitionReader.loadBeanDefinitions(XmlBeanDefinitionReader.java:317)
[2017-11-21 21:00:57,995/CST][main][WARN]No URLs will be polled as dynamic configuration sources. com.netflix.config.sources.URLConfigurationSource.<init>(URLConfigurationSource.java:121)
[2017-11-21 21:00:58,008/CST][main][INFO]To enable URLs as dynamic configuration sources, define System property archaius.configurationSource.additionalUrls or make config.properties available on classpath. com.netflix.config.sources.URLConfigurationSource.<init>(URLConfigurationSource.java:122)
[2017-11-21 21:00:58,038/CST][main][INFO]create dynamic config: io.servicecomb.config.ConfigUtil.createDynamicConfig(ConfigUtil.java:156)
[2017-11-21 21:00:58,256/CST][main][INFO]create local config: io.servicecomb.config.ConfigUtil.createLocalConfig(ConfigUtil.java:88)
[2017-11-21 21:00:58,272/CST][main][INFO] jar:file:/C:/Users/ii/.m2/repository/com/huawei/paas/cse/cse-solution-service-engine/2.2.7/cse-solution-service-engine-2.2.7.jar!/microservice.yaml. io.servicecomb.config.ConfigUtil.createLocalConfig(ConfigUtil.java:90)
[2017-11-21 21:00:58,286/CST][main][INFO] file:/C:/Users/ii/Documents/GitHub/MicroHigo/higoService/target/classes/microservice.yaml. io.servicecomb.config.ConfigUtil.createLocalConfig(ConfigUtil.java:90)
[2017-11-21 21:00:58,380/CST][main][INFO]get the SPI service success, the extend service is: class com.huawei.paas.config.archaius.sources.ConfigCenterConfigurationSourceImpl io.servicecomb.foundation.common.utils.SPIServiceUtils.getTargetService(SPIServiceUtils.java:52)
[2017-11-21 21:01:00,803/CST][config-center-vert.x-eventloop-thread-0][INFO]add network interface name:wlan1,host address:192.168.0.112 io.servicecomb.foundation.common.net.NetUtils.doGetIpv4AddressFromNetworkInterface(NetUtils.java:104)
[2017-11-21 21:01:00,836/CST][config-center-vert.x-eventloop-thread-0][INFO]add network interface name:eth6,host address:192.168.56.1 io.servicecomb.foundation.common.net.NetUtils.doGetIpv4AddressFromNetworkInterface(NetUtils.java:104)
[2017-11-21 21:01:00,864/CST][main][INFO]JSR-330 'javax.inject.Inject' annotation found and supported for autowiring org.springframework.beans.factory.annotation.AutowiredAnnotationBeanPostProcessor.<init>(AutowiredAnnotationBeanPostProcessor.java:155)
[2017-11-21 21:01:01,065/CST][config-center-vert.x-eventloop-thread-0][INFO]add host name from localhost:DESKTOP-NPBOI24,host address:192.168.0.112 io.servicecomb.foundation.common.net.NetUtils.<clinit>(NetUtils.java:62)
[2017-11-21 21:01:01,327/CST][config-center-vert.x-eventloop-thread-0][ERROR]sign request failed, uri is https://cse.cn-north-1.myhwclouds.com:443/v3/default/configuration/items?dimensionsInfo=higoService@higo#0.0.2, message: unable to access the configured AKSKCipher: default com.huawei.paas.foundation.auth.AuthHeaderProviderImpl.getSignAuthHeaders(AuthHeaderProviderImpl.java:58)
[2017-11-21 21:01:02,618/CST][vertx-blocked-thread-checker][WARN]Thread Thread[config-center-vert.x-eventloop-thread-0,5,main] has been blocked for 2228 ms, time limit is 2000 io.vertx.core.impl.BlockedThreadChecker$1.run(BlockedThreadChecker.java:53)
[2017-11-21 21:01:03,357/CST][main][INFO]Found swagger generator context: io.servicecomb.swagger.generator.springmvc.SpringmvcSwaggerGeneratorContext io.servicecomb.swagger.generator.core.CompositeSwaggerGeneratorContext.<init>(CompositeSwaggerGeneratorContext.java:39)
[2017-11-21 21:01:03,372/CST][main][INFO]Found swagger generator context: io.servicecomb.swagger.generator.jaxrs.JaxrsSwaggerGeneratorContext io.servicecomb.swagger.generator.core.CompositeSwaggerGeneratorContext.<init>(CompositeSwaggerGeneratorContext.java:39)
[2017-11-21 21:01:03,387/CST][main][INFO]Found swagger generator context: io.servicecomb.swagger.generator.pojo.PojoSwaggerGeneratorContext io.servicecomb.swagger.generator.core.CompositeSwaggerGeneratorContext.<init>(CompositeSwaggerGeneratorContext.java:39)
[2017-11-21 21:01:04,505/CST][main][INFO]load microservice config, name=higoService, paths=[jar:file:/C:/Users/ii/.m2/repository/com/huawei/paas/cse/cse-solution-service-engine/2.2.7/cse-solution-service-engine-2.2.7.jar!/microservice.yaml, file:/C:/Users/ii/Documents/GitHub/MicroHigo/higoService/target/classes/microservice.yaml] io.servicecomb.serviceregistry.definition.MicroserviceDefinition.logConfigPath(MicroserviceDefinition.java:133)
[2017-11-21 21:01:04,528/CST][config-center-vert.x-eventloop-thread-0][ERROR]fetch config fail com.huawei.paas.config.client.ConfigCenterClient$ConfigRefresh.lambda$null$8(ConfigCenterClient.java:287)
[2017-11-21 21:01:04,664/CST][main][INFO]It is running in the normal mode, a separated service registry is required io.servicecomb.serviceregistry.registry.ServiceRegistryFactory.create(ServiceRegistryFactory.java:81)
[2017-11-21 21:01:04,881/CST][main][INFO]executor group 2, thread per group 4. io.servicecomb.core.executor.FixedThreadExecutor.<init>(FixedThreadExecutor.java:53)
[2017-11-21 21:01:05,517/CST][main][WARN]address /0.0.0.0:8081, auto select a host address to publish 192.168.0.112:8081, maybe not the correct one io.servicecomb.serviceregistry.RegistryUtils.genPublishIpPort(RegistryUtils.java:171)
[2017-11-21 21:01:05,538/CST][main][INFO]choose io.servicecomb.transport.rest.vertx.VertxRestTransport for rest. io.servicecomb.core.transport.TransportManager.chooseOneTransport(TransportManager.java:85)
[2017-11-21 21:01:05,552/CST][main][INFO]choose io.servicecomb.transport.highway.HighwayTransport for highway. io.servicecomb.core.transport.TransportManager.chooseOneTransport(TransportManager.java:85)
[2017-11-21 21:01:05,601/CST][config-center-vert.x-eventloop-thread-0][WARN]Config value cache changed: action:create; item:[nihao, sadf, test0000, g, h, gsw, j, k, l, dsafsaaaa, te, q, dafd, loglevel, dsaf, hello] com.huawei.paas.config.archaius.sources.ConfigCenterConfigurationSourceImpl$UpdateHandler.handle(ConfigCenterConfigurationSourceImpl.java:124)
[2017-11-21 21:01:05,614/CST][transport-vert.x-eventloop-thread-0][INFO]init vertx http dispatcher io.servicecomb.transport.rest.vertx.VertxRestDispatcher io.servicecomb.transport.rest.vertx.RestServerVerticle.initDispatcher(RestServerVerticle.java:85)
[2017-11-21 21:01:05,650/CST][transport-vert.x-eventloop-thread-0][INFO]set uploads directory to null. io.servicecomb.transport.rest.vertx.AbstractVertxHttpDispatcher.createBodyHandler(AbstractVertxHttpDispatcher.java:48)
[2017-11-21 21:01:05,751/CST][transport-vert.x-eventloop-thread-0][INFO]rest listen success. address=0.0.0.0:8081 io.servicecomb.transport.rest.vertx.RestServerVerticle.lambda$startListen$0(RestServerVerticle.java:93)
[2017-11-21 21:01:05,781/CST][main][INFO]endpoint to publish: rest://192.168.0.112:8081 io.servicecomb.core.transport.TransportManager.init(TransportManager.java:57)
[2017-11-21 21:01:05,803/CST][transport-vert.x-eventloop-thread-6][WARN]highway listen address is not configured, will not listen. io.servicecomb.transport.highway.HighwayServerVerticle.startListen(HighwayServerVerticle.java:58)
[2017-11-21 21:01:05,841/CST][main][INFO]running microservice register task. io.servicecomb.serviceregistry.task.MicroserviceRegisterTask.doRegister(MicroserviceRegisterTask.java:57)
[2017-11-21 21:01:06,496/CST][registry-vert.x-eventloop-thread-0][WARN]Service does not exist. io.servicecomb.serviceregistry.client.http.ServiceRegistryClientImpl.lambda$null$0(ServiceRegistryClientImpl.java:111)
[2017-11-21 21:01:06,713/CST][main][INFO]Registry Microservice successfully. id=0a49e789cebc11e7b7d70255ac105111 appId=higo, name=higoService, version=0.0.2, schemaIds=[] io.servicecomb.serviceregistry.task.MicroserviceRegisterTask.doRegister(MicroserviceRegisterTask.java:89)
[2017-11-21 21:01:06,747/CST][main][INFO]read MicroserviceRegisterTask status is FINISHED io.servicecomb.serviceregistry.task.ServiceCenterTask.onRegisterTask(ServiceCenterTask.java:51)
[2017-11-21 21:01:06,763/CST][main][INFO]running microservice instance register task. io.servicecomb.serviceregistry.task.MicroserviceInstanceRegisterTask.doRegister(MicroserviceInstanceRegisterTask.java:59)
[2017-11-21 21:01:07,002/CST][main][INFO]Register microservice instance success. microserviceId=0a49e789cebc11e7b7d70255ac105111 instanceId=0a745f14cebc11e7abdf0255ac105517 endpoints=[rest://192.168.0.112:8081] lease 120s io.servicecomb.serviceregistry.task.MicroserviceInstanceRegisterTask.doRegister(MicroserviceInstanceRegisterTask.java:77)
[2017-11-21 21:01:07,017/CST][main][INFO]read MicroserviceInstanceRegisterTask status is FINISHED io.servicecomb.serviceregistry.task.ServiceCenterTask.onRegisterTask(ServiceCenterTask.java:51)
[2017-11-21 21:01:07,135/CST][main][INFO]Monitor data sender started. Configured data providers is {com.huawei.paas.monitor.HealthMonitorDataProvider,com.huawei.paas.cse.tcc.upload.TransactionMonitorDataProvider,} com.huawei.paas.monitor.DataFactory.start(DataFactory.java:78)
[2017-11-21 21:01:07,313/CST][registry-vert.x-eventloop-thread-0][WARN]Service does not exist. io.servicecomb.serviceregistry.client.http.ServiceRegistryClientImpl.lambda$null$0(ServiceRegistryClientImpl.java:111)
[2017-11-21 21:01:07,330/CST][main][ERROR]can not get microservice id, higo:higodb:0+ io.servicecomb.core.definition.schema.ConsumerSchemaFactory.findMicroservice(ConsumerSchemaFactory.java:94)
[2017-11-21 21:01:37,133/CST][Service Center Task][WARN]sc task interval changed from -1 to 30 io.servicecomb.serviceregistry.task.ServiceCenterTaskMonitor.beginCycle(ServiceCenterTaskMonitor.java:38)
[2017-11-21 21:01:37,133/CST][Service Center Task][WARN]sc task interval changed from -1 to 30 io.servicecomb.serviceregistry.task.ServiceCenterTaskMonitor.beginCycle(ServiceCenterTaskMonitor.java:38)
[2017-11-21 21:02:05,030/CST][metrics][INFO]Cycle stat output:
             call count       msg count        avg tps    avg latency(ms) |[0,20)    [20,100)  [100,300) [300,500) [500,...) 
 io.servicecomb.foundation.metrics.performance.PerfStatMonitorMgr.onCycle(PerfStatMonitorMgr.java:78)
[2017-11-21 21:03:05,090/CST][metrics][INFO]Cycle stat output:
             call count       msg count        avg tps    avg latency(ms) |[0,20)    [20,100)  [100,300) [300,500) [500,...) 
 io.servicecomb.foundation.metrics.performance.PerfStatMonitorMgr.onCycle(PerfStatMonitorMgr.java:78)
[2017-11-21 21:04:05,173/CST][metrics][INFO]Cycle stat output:
             call count       msg count        avg tps    avg latency(ms) |[0,20)    [20,100)  [100,300) [300,500) [500,...) 
 io.servicecomb.foundation.metrics.performance.PerfStatMonitorMgr.onCycle(PerfStatMonitorMgr.java:78)
[2017-11-21 21:05:05,217/CST][metrics][INFO]Cycle stat output:
             call count       msg count        avg tps    avg latency(ms) |[0,20)    [20,100)  [100,300) [300,500) [500,...) 
 io.servicecomb.foundation.metrics.performance.PerfStatMonitorMgr.onCycle(PerfStatMonitorMgr.java:78)
[2017-11-21 21:05:38,198/CST][Service Center Task][WARN]sc task taken more than 1066ms to execute io.servicecomb.serviceregistry.task.ServiceCenterTaskMonitor.endCycle(ServiceCenterTaskMonitor.java:50)
[2017-11-21 21:06:05,336/CST][metrics][INFO]Cycle stat output:
             call count       msg count        avg tps    avg latency(ms) |[0,20)    [20,100)  [100,300) [300,500) [500,...) 
 io.servicecomb.foundation.metrics.performance.PerfStatMonitorMgr.onCycle(PerfStatMonitorMgr.java:78)
[2017-11-21 21:07:05,417/CST][metrics][INFO]Cycle stat output:
             call count       msg count        avg tps    avg latency(ms) |[0,20)    [20,100)  [100,300) [300,500) [500,...) 
 io.servicecomb.foundation.metrics.performance.PerfStatMonitorMgr.onCycle(PerfStatMonitorMgr.java:78)
[2017-11-21 21:08:05,483/CST][metrics][INFO]Cycle stat output:
             call count       msg count        avg tps    avg latency(ms) |[0,20)    [20,100)  [100,300) [300,500) [500,...) 
 io.servicecomb.foundation.metrics.performance.PerfStatMonitorMgr.onCycle(PerfStatMonitorMgr.java:78)
[2017-11-21 21:08:47,904/CST][cse-monitor-datafactory-3-1][WARN]Upload monitor data error because org.apache.http.conn.ConnectTimeoutException Connect to cse.cn-north-1.myhwclouds.com:443 [cse.cn-north-1.myhwclouds.com/43.254.0.22] failed: connect timed out, you can disable it by setting cse.monitor.client.enable to false. com.huawei.paas.monitor.DataFactory.sendData(DataFactory.java:145)
